<?xml version="1.0" encoding="UTF-8"?>
<testsuite name="word_finder_tests.WordFinderTests-20220122095354" tests="2" file="word_finder_tests.py" time="0.405" timestamp="2022-01-22T09:53:55" failures="0" errors="0" skipped="0">
	<testcase classname="word_finder_tests.WordFinderTests" name="test_abc_grid" time="0.203" timestamp="2022-01-22T09:53:55"/>
	<testcase classname="word_finder_tests.WordFinderTests" name="test_simple_grid" time="0.202" timestamp="2022-01-22T09:53:55"/>
</testsuite>
