<?xml version="1.0" encoding="UTF-8"?>
<testsuite name="dictionary_checker_tests.HelloWorldTest-20220126102830" tests="4" file="dictionary_checker_tests.py" time="0.059" timestamp="2022-01-26T10:28:31" failures="0" errors="0" skipped="0">
	<testcase classname="dictionary_checker_tests.HelloWorldTest" name="test_word_in_dict_does_not_start_with_letters" time="0.044" timestamp="2022-01-26T10:28:31"/>
	<testcase classname="dictionary_checker_tests.HelloWorldTest" name="test_word_in_dict_starts_with_letters" time="0.004" timestamp="2022-01-26T10:28:31"/>
	<testcase classname="dictionary_checker_tests.HelloWorldTest" name="test_word_in_dictionary_successful" time="0.002" timestamp="2022-01-26T10:28:31"/>
	<testcase classname="dictionary_checker_tests.HelloWorldTest" name="test_word_not_in_dictionary" time="0.009" timestamp="2022-01-26T10:28:31"/>
</testsuite>
