<?xml version="1.0" encoding="UTF-8"?>
<testsuite name="word_finder_tests.WordFinderTests-20220122123139" tests="2" file="word_finder_tests.py" time="0.464" timestamp="2022-01-22T12:31:40" failures="0" errors="0" skipped="0">
	<testcase classname="word_finder_tests.WordFinderTests" name="test_abc_grid" time="0.235" timestamp="2022-01-22T12:31:40"/>
	<testcase classname="word_finder_tests.WordFinderTests" name="test_simple_grid" time="0.229" timestamp="2022-01-22T12:31:40"/>
</testsuite>
