<?xml version="1.0" encoding="UTF-8"?>
<testsuite name="dictionary_checker_tests.HelloWorldTest-20220122080244" tests="4" file="dictionary_checker_tests.py" time="0.207" timestamp="2022-01-22T08:02:45" failures="0" errors="0" skipped="0">
	<testcase classname="dictionary_checker_tests.HelloWorldTest" name="test_word_in_dict_does_not_start_with_letters" time="0.187" timestamp="2022-01-22T08:02:45"/>
	<testcase classname="dictionary_checker_tests.HelloWorldTest" name="test_word_in_dict_starts_with_letters" time="0.010" timestamp="2022-01-22T08:02:45"/>
	<testcase classname="dictionary_checker_tests.HelloWorldTest" name="test_word_in_dictionary_successful" time="0.002" timestamp="2022-01-22T08:02:45"/>
	<testcase classname="dictionary_checker_tests.HelloWorldTest" name="test_word_not_in_dictionary" time="0.008" timestamp="2022-01-22T08:02:45"/>
</testsuite>
