<?xml version="1.0" encoding="UTF-8"?>
<testsuite name="grid_tests.GridTest-20220126210210" tests="2" file="grid_tests.py" time="0.024" timestamp="2022-01-26T21:02:10" failures="0" errors="0" skipped="0">
	<testcase classname="grid_tests.GridTest" name="test_create_grid_from_text_file" time="0.016" timestamp="2022-01-26T21:02:10"/>
	<testcase classname="grid_tests.GridTest" name="test_grid_indexing" time="0.008" timestamp="2022-01-26T21:02:10"/>
</testsuite>
