<?xml version="1.0" encoding="UTF-8"?>
<testsuite name="word_finder_tests.WordFinderTests-20220126164020" tests="3" file="word_finder_tests.py" time="1.959" timestamp="2022-01-26T16:40:23" failures="0" errors="0" skipped="0">
	<testcase classname="word_finder_tests.WordFinderTests" name="test_one_line" time="0.358" timestamp="2022-01-26T16:40:21"/>
	<testcase classname="word_finder_tests.WordFinderTests" name="test_one_line_s" time="0.794" timestamp="2022-01-26T16:40:22"/>
	<testcase classname="word_finder_tests.WordFinderTests" name="test_one_line_x" time="0.806" timestamp="2022-01-26T16:40:23"/>
</testsuite>
