<?xml version="1.0" encoding="UTF-8"?>
<testsuite name="dictionary_checker_tests.HelloWorldTest-20220122095437" tests="4" file="dictionary_checker_tests.py" time="0.050" timestamp="2022-01-22T09:54:37" failures="0" errors="0" skipped="0">
	<testcase classname="dictionary_checker_tests.HelloWorldTest" name="test_word_in_dict_does_not_start_with_letters" time="0.039" timestamp="2022-01-22T09:54:37"/>
	<testcase classname="dictionary_checker_tests.HelloWorldTest" name="test_word_in_dict_starts_with_letters" time="0.003" timestamp="2022-01-22T09:54:37"/>
	<testcase classname="dictionary_checker_tests.HelloWorldTest" name="test_word_in_dictionary_successful" time="0.002" timestamp="2022-01-22T09:54:37"/>
	<testcase classname="dictionary_checker_tests.HelloWorldTest" name="test_word_not_in_dictionary" time="0.006" timestamp="2022-01-22T09:54:37"/>
</testsuite>
