<?xml version="1.0" encoding="UTF-8"?>
<testsuite name="word_finder_tests.WordFinderTests-20220122095438" tests="2" file="word_finder_tests.py" time="0.356" timestamp="2022-01-22T09:54:39" failures="0" errors="0" skipped="0">
	<testcase classname="word_finder_tests.WordFinderTests" name="test_abc_grid" time="0.174" timestamp="2022-01-22T09:54:39"/>
	<testcase classname="word_finder_tests.WordFinderTests" name="test_simple_grid" time="0.182" timestamp="2022-01-22T09:54:39"/>
</testsuite>
