<?xml version="1.0" encoding="UTF-8"?>
<testsuite name="dictionary_checker_tests.HelloWorldTest-20220126164018" tests="4" file="dictionary_checker_tests.py" time="0.058" timestamp="2022-01-26T16:40:18" failures="0" errors="0" skipped="0">
	<testcase classname="dictionary_checker_tests.HelloWorldTest" name="test_word_in_dict_does_not_start_with_letters" time="0.040" timestamp="2022-01-26T16:40:18"/>
	<testcase classname="dictionary_checker_tests.HelloWorldTest" name="test_word_in_dict_starts_with_letters" time="0.003" timestamp="2022-01-26T16:40:18"/>
	<testcase classname="dictionary_checker_tests.HelloWorldTest" name="test_word_in_dictionary_successful" time="0.003" timestamp="2022-01-26T16:40:18"/>
	<testcase classname="dictionary_checker_tests.HelloWorldTest" name="test_word_not_in_dictionary" time="0.012" timestamp="2022-01-26T16:40:18"/>
</testsuite>
