<?xml version="1.0" encoding="UTF-8"?>
<testsuite name="grid_tests.GridTest-20220126210243" tests="2" file="grid_tests.py" time="0.009" timestamp="2022-01-26T21:02:44" failures="0" errors="0" skipped="0">
	<testcase classname="grid_tests.GridTest" name="test_create_grid_from_text_file" time="0.009" timestamp="2022-01-26T21:02:44"/>
	<testcase classname="grid_tests.GridTest" name="test_grid_indexing" time="0.000" timestamp="2022-01-26T21:02:44"/>
</testsuite>
