<?xml version="1.0" encoding="UTF-8"?>
<testsuite name="grid_tests.GridTest-20220122082946" tests="1" file="grid_tests.py" time="0.003" timestamp="2022-01-22T08:29:46" failures="0" errors="0" skipped="0">
	<testcase classname="grid_tests.GridTest" name="test_create_grid_from_text_file" time="0.003" timestamp="2022-01-22T08:29:46"/>
</testsuite>
