<?xml version="1.0" encoding="UTF-8"?>
<testsuite name="word_finder_tests.WordFinderTests-20220122091235" tests="1" file="word_finder_tests.py" time="0.230" timestamp="2022-01-22T09:12:36" failures="0" errors="0" skipped="0">
	<testcase classname="word_finder_tests.WordFinderTests" name="test_simple_grid" time="0.230" timestamp="2022-01-22T09:12:36"/>
</testsuite>
