<?xml version="1.0" encoding="UTF-8"?>
<testsuite name="word_finder_tests.WordFinderTests-20220122123138" tests="2" file="word_finder_tests.py" time="0.450" timestamp="2022-01-22T12:31:39" failures="0" errors="0" skipped="0">
	<testcase classname="word_finder_tests.WordFinderTests" name="test_abc_grid" time="0.247" timestamp="2022-01-22T12:31:39"/>
	<testcase classname="word_finder_tests.WordFinderTests" name="test_simple_grid" time="0.203" timestamp="2022-01-22T12:31:39"/>
</testsuite>
